<?xml version="1.0" encoding="UTF-8"?>
<testsuite name="FirefoxTest"
           tests="10"
           failures="0"
           errors="0"
           skipped="0"
           time="198.077">
  <properties />
  
  
            <testcase name="createCustomerInvalidPhone" time="12.852" classname="automationFramework.TestCases.CreateCustomerTest" />
                <testcase name="createCustomerCancel" time="16.671" classname="automationFramework.TestCases.CreateCustomerTest" />
                <testcase name="createCustomerInvalidUserName" time="17.594" classname="automationFramework.TestCases.CreateCustomerTest" />
                <testcase name="createCustomerFundingInvalidCC" time="21.741" classname="automationFramework.TestCases.CreateCustomerTest" />
                <testcase name="createCustomerInvalidEmail" time="25.105" classname="automationFramework.TestCases.CreateCustomerTest" />
                <testcase name="createNewCustomer" time="29.852" classname="automationFramework.TestCases.CreateCustomerTest" />
                <testcase name="createCustomerNameMissing" time="11.731" classname="automationFramework.TestCases.CreateCustomerTest" />
                <testcase name="createCustomerEmailMissing" time="12.722" classname="automationFramework.TestCases.CreateCustomerTest" />
                <testcase name="createCustomerInvalidPin" time="24.478" classname="automationFramework.TestCases.CreateCustomerTest" />
                <testcase name="createCustomerContactTypeNotSelected" time="25.331" classname="automationFramework.TestCases.CreateCustomerTest" />
      
</testsuite>
