<?xml version="1.0" encoding="UTF-8"?>
<testsuite name="FirefoxTest"
           tests="6"
           failures="0"
           errors="0"
           skipped="0"
           time="173.584">
  <properties />
  
  
            <testcase name="createFundingSourceNewBillingAddress" time="44.790" classname="automationFramework.TestCases.CreateFundingTest" />
                <testcase name="createFundingSourceTypeNotSelected" time="20.439" classname="automationFramework.TestCases.CreateFundingTest" />
                <testcase name="createCustomerFundingInvalidCC" time="23.181" classname="automationFramework.TestCases.CreateFundingTest" />
                <testcase name="createFundingSourceCancel" time="20.675" classname="automationFramework.TestCases.CreateFundingTest" />
                <testcase name="createCustomerInvalidEmail" time="22.260" classname="automationFramework.TestCases.CreateFundingTest" />
                <testcase name="createFundingSource" time="42.239" classname="automationFramework.TestCases.CreateFundingTest" />
      
</testsuite>
