<?xml version="1.0" encoding="UTF-8"?>
<testsuite name="FirefoxTest"
           tests="6"
           failures="0"
           errors="0"
           skipped="0"
           time="235.111">
  <properties />
  
  
            <testcase name="createFundingSourceCancel" time="28.636" classname="automationFramework.TestCases.CreateFundingTest" />
                <testcase name="createFundingSource" time="52.300" classname="automationFramework.TestCases.CreateFundingTest" />
                <testcase name="createCustomerFundingInvalidCC" time="26.671" classname="automationFramework.TestCases.CreateFundingTest" />
                <testcase name="createFundingSourceTypeNotSelected" time="28.914" classname="automationFramework.TestCases.CreateFundingTest" />
                <testcase name="createFundingSourceNewBillingAddress" time="67.396" classname="automationFramework.TestCases.CreateFundingTest" />
                <testcase name="createCustomerInvalidEmail" time="31.194" classname="automationFramework.TestCases.CreateFundingTest" />
      
</testsuite>
