<?xml version="1.0" encoding="UTF-8"?>
<testsuite name="FirefoxTest"
           tests="10"
           failures="0"
           errors="0"
           skipped="0"
           time="267.676">
  <properties />
  
  
            <testcase name="createCustomerInvalidPhone" time="18.923" classname="automationFramework.TestCases.CreateCustomerTest" />
                <testcase name="createCustomerCancel" time="30.306" classname="automationFramework.TestCases.CreateCustomerTest" />
                <testcase name="createCustomerInvalidUserName" time="22.436" classname="automationFramework.TestCases.CreateCustomerTest" />
                <testcase name="createCustomerFundingInvalidCC" time="34.780" classname="automationFramework.TestCases.CreateCustomerTest" />
                <testcase name="createCustomerInvalidEmail" time="33.023" classname="automationFramework.TestCases.CreateCustomerTest" />
                <testcase name="createNewCustomer" time="45.243" classname="automationFramework.TestCases.CreateCustomerTest" />
                <testcase name="createCustomerNameMissing" time="16.192" classname="automationFramework.TestCases.CreateCustomerTest" />
                <testcase name="createCustomerEmailMissing" time="14.440" classname="automationFramework.TestCases.CreateCustomerTest" />
                <testcase name="createCustomerInvalidPin" time="28.892" classname="automationFramework.TestCases.CreateCustomerTest" />
                <testcase name="createCustomerContactTypeNotSelected" time="23.441" classname="automationFramework.TestCases.CreateCustomerTest" />
      
</testsuite>
