<?xml version="1.0" encoding="UTF-8"?>
<testsuite name="FirefoxTest"
           tests="3"
           failures="0"
           errors="0"
           skipped="0"
           time="73.368">
  <properties />
  
  
            <testcase name="linkAccountBankNumberMissingTest" time="25.485" classname="automationFramework.TestCases.LinkAccountTest" />
                <testcase name="linkAccountCardExpirationMissingTest" time="20.449" classname="automationFramework.TestCases.LinkAccountTest" />
                <testcase name="linkAccountCancelTest" time="27.434" classname="automationFramework.TestCases.LinkAccountTest" />
      
</testsuite>
