<?xml version="1.0" encoding="UTF-8"?>
<testng-results skipped="0" failed="0" total="1" passed="1">
  <reporter-output>
    <line>
      <![CDATA[firefox driver instantiated]]>
    </line>
    <line>
      <![CDATA[TearDown Completed]]>
    </line>
  </reporter-output>
  <suite name="Automation - Suite" duration-ms="68809" started-at="2016-07-20T21:36:02Z" finished-at="2016-07-20T21:37:11Z">
    <groups>
    </groups>
    <test name="FirefoxTest" duration-ms="68809" started-at="2016-07-20T21:36:02Z" finished-at="2016-07-20T21:37:11Z">
      <class name="automationFramework.TestCases.CreateCustomerDBTest">
        <test-method status="PASS" signature="setUp(java.lang.String)[pri:0, instance:automationFramework.TestCases.CreateCustomerDBTest@51cdd8a]" name="setUp" is-config="true" duration-ms="9847" started-at="2016-07-20T14:36:02Z" finished-at="2016-07-20T14:36:12Z">
          <params>
            <param index="0">
              <value>
                <![CDATA[firefox.exe]]>
              </value>
            </param>
          </params>
          <reporter-output>
            <line>
              <![CDATA[firefox driver instantiated]]>
            </line>
          </reporter-output>
        </test-method> <!-- setUp -->
        <test-method status="PASS" signature="createNewCustomerDB()[pri:0, instance:automationFramework.TestCases.CreateCustomerDBTest@51cdd8a]" name="createNewCustomerDB" duration-ms="56023" started-at="2016-07-20T14:36:12Z" finished-at="2016-07-20T14:37:08Z">
          <reporter-output>
          </reporter-output>
        </test-method> <!-- createNewCustomerDB -->
        <test-method status="PASS" signature="tearDown()[pri:0, instance:automationFramework.TestCases.CreateCustomerDBTest@51cdd8a]" name="tearDown" is-config="true" duration-ms="2920" started-at="2016-07-20T14:37:08Z" finished-at="2016-07-20T14:37:11Z">
          <reporter-output>
            <line>
              <![CDATA[TearDown Completed]]>
            </line>
          </reporter-output>
        </test-method> <!-- tearDown -->
      </class> <!-- automationFramework.TestCases.CreateCustomerDBTest -->
    </test> <!-- FirefoxTest -->
  </suite> <!-- Automation - Suite -->
</testng-results>
