<?xml version="1.0" encoding="UTF-8"?>
<testng-results skipped="0" failed="0" total="1" passed="1">
  <reporter-output>
    <line>
      <![CDATA[firefox driver instantiated]]>
    </line>
    <line>
      <![CDATA[TearDown Complete]]>
    </line>
  </reporter-output>
  <suite name="Automation - Suite" duration-ms="82849" started-at="2016-07-13T17:13:52Z" finished-at="2016-07-13T17:15:14Z">
    <groups>
    </groups>
    <test name="FirefoxTest" duration-ms="82849" started-at="2016-07-13T17:13:52Z" finished-at="2016-07-13T17:15:14Z">
      <class name="automationFramework.TestCases.EmailTest">
        <test-method status="PASS" signature="setUp(java.lang.String)[pri:0, instance:automationFramework.TestCases.EmailTest@2d6eabae]" name="setUp" is-config="true" duration-ms="10267" started-at="2016-07-13T10:13:52Z" finished-at="2016-07-13T10:14:02Z">
          <params>
            <param index="0">
              <value>
                <![CDATA[firefox.exe]]>
              </value>
            </param>
          </params>
          <reporter-output>
            <line>
              <![CDATA[firefox driver instantiated]]>
            </line>
          </reporter-output>
        </test-method> <!-- setUp -->
        <test-method status="PASS" signature="checkEmailNewCustomer()[pri:0, instance:automationFramework.TestCases.EmailTest@2d6eabae]" name="checkEmailNewCustomer" duration-ms="71942" started-at="2016-07-13T10:14:02Z" finished-at="2016-07-13T10:15:14Z">
          <reporter-output>
          </reporter-output>
        </test-method> <!-- checkEmailNewCustomer -->
        <test-method status="PASS" signature="tearDown()[pri:0, instance:automationFramework.TestCases.EmailTest@2d6eabae]" name="tearDown" is-config="true" duration-ms="605" started-at="2016-07-13T10:15:14Z" finished-at="2016-07-13T10:15:14Z">
          <reporter-output>
            <line>
              <![CDATA[TearDown Complete]]>
            </line>
          </reporter-output>
        </test-method> <!-- tearDown -->
      </class> <!-- automationFramework.TestCases.EmailTest -->
    </test> <!-- FirefoxTest -->
  </suite> <!-- Automation - Suite -->
</testng-results>
